<?xml version="1.0" encoding="UTF-8"?>
<testng-results skipped="0" failed="0" ignored="0" total="1" passed="1">
  <reporter-output>
    <line>
      <![CDATA[Logout Susscessfull]]>
    </line>
  </reporter-output>
  <suite name="Suite" duration-ms="14400" started-at="2020-10-06T18:45:29 IST" finished-at="2020-10-06T18:45:43 IST">
    <groups>
    </groups>
    <test name="Test" duration-ms="14400" started-at="2020-10-06T18:45:29 IST" finished-at="2020-10-06T18:45:43 IST">
      <class name="com.script.Login_LogoutTest">
        <test-method status="PASS" signature="appOpen(java.lang.String)[pri:0, instance:com.script.Login_LogoutTest@59906517]" name="appOpen" is-config="true" duration-ms="7325" started-at="2020-10-06T18:45:29 IST" finished-at="2020-10-06T18:45:36 IST">
          <params>
            <param index="0">
              <value>
                <![CDATA[chrome]]>
              </value>
            </param>
          </params>
          <reporter-output>
          </reporter-output>
        </test-method> <!-- appOpen -->
        <test-method status="PASS" signature="login()[pri:0, instance:com.script.Login_LogoutTest@59906517]" name="login" duration-ms="5738" started-at="2020-10-06T18:45:36 IST" finished-at="2020-10-06T18:45:42 IST">
          <reporter-output>
            <line>
              <![CDATA[Logout Susscessfull]]>
            </line>
          </reporter-output>
        </test-method> <!-- login -->
        <test-method status="PASS" signature="closeApp(org.testng.ITestResult)[pri:0, instance:com.script.Login_LogoutTest@59906517]" name="closeApp" is-config="true" duration-ms="1299" started-at="2020-10-06T18:45:42 IST" finished-at="2020-10-06T18:45:43 IST">
          <params>
            <param index="0">
              <value>
                <![CDATA[[TestResult name=login status=SUCCESS method=Login_LogoutTest.login()[pri:0, instance:com.script.Login_LogoutTest@59906517] output=Logout Susscessfull]]]>
              </value>
            </param>
          </params>
          <reporter-output>
          </reporter-output>
        </test-method> <!-- closeApp -->
      </class> <!-- com.script.Login_LogoutTest -->
    </test> <!-- Test -->
  </suite> <!-- Suite -->
</testng-results>
